mvp/android-orm-benchmark-updated/ORM-Benchmark/manifest-merger-release-report.txt
-- Merging decision tree log ---
manifest
ADDED from AndroidManifest.xml:2:1
	package
		ADDED from AndroidManifest.xml:3:5
		INJECTED from AndroidManifest.xml:0:0
		INJECTED from AndroidManifest.xml:0:0
	android:versionName
		ADDED from AndroidManifest.xml:5:5
	android:versionCode
		ADDED from AndroidManifest.xml:4:5
		INJECTED from AndroidManifest.xml:0:0
		INJECTED from AndroidManifest.xml:0:0
	xmlns:android
		ADDED from AndroidManifest.xml:2:11
uses-sdk
ADDED from AndroidManifest.xml:7:5
MERGED from com.android.support:support-v4:21.0.3:15:5
MERGED from com.raizlabs.android:DBFlow:2.0.0:7:5
MERGED from com.github.satyan:sugar:1.3.1:7:5
MERGED from com.yahoo.squidb:squidb:2.0.0:14:5
	android:targetSdkVersion
		ADDED from AndroidManifest.xml:9:9
		INJECTED from AndroidManifest.xml:0:0
		INJECTED from AndroidManifest.xml:0:0
	android:minSdkVersion
		ADDED from AndroidManifest.xml:8:9
		INJECTED from AndroidManifest.xml:0:0
		INJECTED from AndroidManifest.xml:0:0
application
ADDED from AndroidManifest.xml:11:5
MERGED from com.android.support:support-v4:21.0.3:16:5
MERGED from com.raizlabs.android:DBFlow:2.0.0:11:5
MERGED from com.github.satyan:sugar:1.3.1:11:5
	android:label
		ADDED from AndroidManifest.xml:14:9
	android:allowBackup
		ADDED from AndroidManifest.xml:12:9
	android:icon
		ADDED from AndroidManifest.xml:13:9
	android:theme
		ADDED from AndroidManifest.xml:15:9
	android:name
		ADDED from AndroidManifest.xml:16:9
activity#com.littleinc.orm_benchmark.MainActivity
ADDED from AndroidManifest.xml:18:9
	android:label
		ADDED from AndroidManifest.xml:20:13
	android:name
		ADDED from AndroidManifest.xml:19:13
intent-filter#android.intent.action.MAIN+android.intent.category.LAUNCHER
ADDED from AndroidManifest.xml:21:13
action#android.intent.action.MAIN
ADDED from AndroidManifest.xml:22:17
	android:name
		ADDED from AndroidManifest.xml:22:25
category#android.intent.category.LAUNCHER
ADDED from AndroidManifest.xml:24:17
	android:name
		ADDED from AndroidManifest.xml:24:27
meta-data#DATABASE
ADDED from AndroidManifest.xml:28:9
	android:value
		ADDED from AndroidManifest.xml:28:44
	android:name
		ADDED from AndroidManifest.xml:28:20
meta-data#VERSION
ADDED from AndroidManifest.xml:29:9
	android:value
		ADDED from AndroidManifest.xml:29:43
	android:name
		ADDED from AndroidManifest.xml:29:20
meta-data#QUERY_LOG
ADDED from AndroidManifest.xml:30:9
	android:value
		ADDED from AndroidManifest.xml:30:45
	android:name
		ADDED from AndroidManifest.xml:30:20
meta-data#DOMAIN_PACKAGE_NAME
ADDED from AndroidManifest.xml:31:9
	android:value
		ADDED from AndroidManifest.xml:31:55
	android:name
		ADDED from AndroidManifest.xml:31:20